
2022-11-10 13:28:16,666:185:INFO:Exception Error: ('list index out of range',)
2022-11-10 13:28:16,667:186:INFO:TraceBack: Traceback (most recent call last):
  File ".\performance.py", line 165, in <module>
    private_key, address = readKeyFile(args[2], CONFIG['key']['pass'])
IndexError: list index out of range

2022-11-10 13:28:49,876:67:INFO:Start CreateTransaction.
2022-11-10 13:28:52,410:92:INFO:End CreateTransaction.
2022-11-10 13:28:52,410:110:INFO:Start SendTransactions.
2022-11-10 13:28:54,423:121:INFO:End SendTransactions.
2022-11-10 13:28:54,424:125:INFO:Start Get Last Receipt.
2022-11-10 13:28:55,165:135:INFO:last receipt:{"hash": "0xffeb500bca59d423435ecc300c3c836686341358d5758b1fe9d7c0cf82d79b95", "status": 1}
2022-11-10 13:28:55,165:137:INFO:End Get Last Receipt.
2022-11-10 13:28:55,165:142:INFO:Start Get All Receipt.
2022-11-10 13:28:55,888:149:INFO:End Get All Receipt.
2022-11-10 13:28:55,889:175:INFO:EndGetTime - StartSendTime = 2.7540366649627686
2022-11-10 13:29:14,068:185:INFO:Exception Error: ('list index out of range',)
2022-11-10 13:29:14,069:186:INFO:TraceBack: Traceback (most recent call last):
  File ".\performance.py", line 165, in <module>
    private_key, address = readKeyFile(args[2], CONFIG['key']['pass'])
IndexError: list index out of range

2022-11-10 13:29:26,478:67:INFO:Start CreateTransaction.
2022-11-10 13:29:28,993:92:INFO:End CreateTransaction.
2022-11-10 13:29:28,993:110:INFO:Start SendTransactions.
2022-11-10 13:29:30,883:121:INFO:End SendTransactions.
2022-11-10 13:29:30,884:125:INFO:Start Get Last Receipt.
2022-11-10 13:29:35,118:135:INFO:last receipt:{"hash": "0xb5cfc41330f410afc6f95e9387ed2c1757907eb3b3716a0c58f2ff770b6da369", "status": 1}
2022-11-10 13:29:35,118:137:INFO:End Get Last Receipt.
2022-11-10 13:29:35,118:142:INFO:Start Get All Receipt.
2022-11-10 13:29:35,935:149:INFO:End Get All Receipt.
2022-11-10 13:29:35,936:175:INFO:EndGetTime - StartSendTime = 6.124417066574097
2022-11-10 13:30:19,967:67:INFO:Start CreateTransaction.
2022-11-10 13:31:21,556:92:INFO:End CreateTransaction.
2022-11-10 13:31:21,556:110:INFO:Start SendTransactions.
2022-11-10 13:31:33,409:121:INFO:End SendTransactions.
2022-11-10 13:31:33,410:125:INFO:Start Get Last Receipt.
2022-11-10 13:31:43,965:135:INFO:last receipt:{"hash": "0xbdb9de215b47f437855ad834bb63b2e73dc325a285bf1e5581b32dcb04384100", "status": 1}
2022-11-10 13:31:43,965:137:INFO:End Get Last Receipt.
2022-11-10 13:31:43,966:142:INFO:Start Get All Receipt.
2022-11-10 13:32:26,997:149:INFO:End Get All Receipt.
2022-11-10 13:32:26,999:175:INFO:EndGetTime - StartSendTime = 22.409052848815918
2022-11-10 13:33:19,557:67:INFO:Start CreateTransaction.
2022-11-10 13:34:20,197:92:INFO:End CreateTransaction.
2022-11-10 13:34:20,197:110:INFO:Start SendTransactions.
2022-11-10 13:34:32,712:121:INFO:End SendTransactions.
2022-11-10 13:34:32,713:125:INFO:Start Get Last Receipt.
2022-11-10 13:34:39,486:135:INFO:last receipt:{"hash": "0x0b0bfb3ef2133b5b8a43fe42d166af29200da898e4a12a9f05126abe2a6eb0ea", "status": 0}
2022-11-10 13:34:39,487:137:INFO:End Get Last Receipt.
2022-11-10 13:34:39,487:142:INFO:Start Get All Receipt.
2022-11-10 13:34:56,288:149:INFO:End Get All Receipt.
2022-11-10 13:34:56,289:175:INFO:EndGetTime - StartSendTime = 19.288273811340332
2022-11-10 13:57:44,244:67:INFO:Start CreateTransaction.
2022-11-10 13:57:46,746:92:INFO:End CreateTransaction.
2022-11-10 13:57:46,746:110:INFO:Start SendTransactions.
2022-11-10 13:57:48,784:121:INFO:End SendTransactions.
2022-11-10 13:57:48,784:125:INFO:Start Get Last Receipt.
2022-11-10 13:57:50,242:135:INFO:last receipt:{"hash": "0x1825e3a1c6748d1d847f8b3e455f0120a578cd11ac625d6a2ba61a29744e73ea", "status": 1}
2022-11-10 13:57:50,242:137:INFO:End Get Last Receipt.
2022-11-10 13:57:50,242:142:INFO:Start Get All Receipt.
2022-11-10 13:57:51,074:149:INFO:End Get All Receipt.
2022-11-10 13:57:51,075:175:INFO:EndGetTime - StartSendTime = 3.4951329231262207
2022-11-10 13:59:43,651:67:INFO:Start CreateTransaction.
2022-11-10 14:00:43,902:92:INFO:End CreateTransaction.
2022-11-10 14:00:43,903:110:INFO:Start SendTransactions.
2022-11-10 14:00:53,073:121:INFO:End SendTransactions.
2022-11-10 14:00:53,073:125:INFO:Start Get Last Receipt.
2022-11-10 14:01:03,863:135:INFO:last receipt:{"hash": "0x4c1dbe68e54b7dd7595b2fa026597bf8ba9132682679d10439b80a995d29104c", "status": 1}
2022-11-10 14:01:03,863:137:INFO:End Get Last Receipt.
2022-11-10 14:01:03,864:142:INFO:Start Get All Receipt.
2022-11-10 14:02:54,893:149:INFO:End Get All Receipt.
2022-11-10 14:02:54,895:175:INFO:EndGetTime - StartSendTime = 19.960506677627563
2022-11-10 14:03:26,998:67:INFO:Start CreateTransaction.
2022-11-10 14:03:29,501:92:INFO:End CreateTransaction.
2022-11-10 14:03:29,501:110:INFO:Start SendTransactions.
2022-11-10 14:03:31,495:121:INFO:End SendTransactions.
2022-11-10 14:03:31,495:125:INFO:Start Get Last Receipt.
2022-11-10 14:03:44,405:135:INFO:last receipt:{"hash": "0x480bff11709e26de89affed9d587fd18293473a8661ec7929f173c69d1a3e143", "status": 1}
2022-11-10 14:03:44,406:137:INFO:End Get Last Receipt.
2022-11-10 14:03:44,406:142:INFO:Start Get All Receipt.
2022-11-10 14:03:57,258:149:INFO:End Get All Receipt.
2022-11-10 14:03:57,259:175:INFO:EndGetTime - StartSendTime = 14.903717994689941
